<?xml version="1.0" encoding="UTF-8"?>
<testsuite name="RobotDreams_AQA"
           tests="2"
           failures="1"
           errors="0"
           skipped="0"
           time="0.073">
    <properties></properties>

            <testcase
                name="testChangeHead"
                time="0.072"
                classname="cc.robotdreams.my.GroupTest">

            <failure type="java.lang.AssertionError" message="[Head was not added to the group of students] 
Expecting actual:
  id:&apos;student_6&apos; name:&apos;New&apos; last name:&apos;Head&apos; age:&apos;19&apos;
to be in:
  [id:&apos;student_2&apos; name:&apos;Natalya&apos; last name:&apos;Ivanenko&apos; age:&apos;19&apos;,
    id:&apos;student_3&apos; name:&apos;Sergii&apos; last name:&apos;Sydorenko&apos; age:&apos;19&apos;,
    id:&apos;student_1&apos; name:&apos;Halyna&apos; last name:&apos;Petrenko&apos; age:&apos;19&apos;,
    id:&apos;student_5&apos; name:&apos;Volodymyr&apos; last name:&apos;Volodymerynko&apos; age:&apos;19&apos;,
    id:&apos;student_4&apos; name:&apos;Mykola&apos; last name:&apos;Kovalenko&apos; age:&apos;19&apos;]
">
                <![CDATA[java.lang.AssertionError: [Head was not added to the group of students] 
Expecting actual:
  id:'student_6' name:'New' last name:'Head' age:'19'
to be in:
  [id:'student_2' name:'Natalya' last name:'Ivanenko' age:'19',
    id:'student_3' name:'Sergii' last name:'Sydorenko' age:'19',
    id:'student_1' name:'Halyna' last name:'Petrenko' age:'19',
    id:'student_5' name:'Volodymyr' last name:'Volodymerynko' age:'19',
    id:'student_4' name:'Mykola' last name:'Kovalenko' age:'19']

                cc.robotdreams.my.GroupTest.testChangeHead(GroupTest.java:37)java.base/jdk.internal.reflect.NativeMethodAccessorImpl.invoke0(Native Method)java.base/jdk.internal.reflect.NativeMethodAccessorImpl.invoke(NativeMethodAccessorImpl.java:77)java.base/jdk.internal.reflect.DelegatingMethodAccessorImpl.invoke(DelegatingMethodAccessorImpl.java:43)java.base/java.lang.reflect.Method.invoke(Method.java:568)org.testng.internal.invokers.MethodInvocationHelper.invokeMethod(MethodInvocationHelper.java:139)org.testng.internal.invokers.TestInvoker.invokeMethod(TestInvoker.java:677)org.testng.internal.invokers.TestInvoker.invokeTestMethod(TestInvoker.java:221)org.testng.internal.invokers.MethodRunner.runInSequence(MethodRunner.java:50)org.testng.internal.invokers.TestInvoker$MethodInvocationAgent.invoke(TestInvoker.java:962)org.testng.internal.invokers.TestInvoker.invokeTestMethods(TestInvoker.java:194)org.testng.internal.invokers.TestMethodWorker.invokeTestMethods(TestMethodWorker.java:148)org.testng.internal.invokers.TestMethodWorker.run(TestMethodWorker.java:128)java.base/java.util.ArrayList.forEach(ArrayList.java:1511)org.testng.TestRunner.privateRun(TestRunner.java:806)org.testng.TestRunner.run(TestRunner.java:601)org.testng.SuiteRunner.runTest(SuiteRunner.java:433)org.testng.SuiteRunner.runSequentially(SuiteRunner.java:427)org.testng.SuiteRunner.privateRun(SuiteRunner.java:387)org.testng.SuiteRunner.run(SuiteRunner.java:330)org.testng.SuiteRunnerWorker.runSuite(SuiteRunnerWorker.java:52)org.testng.SuiteRunnerWorker.run(SuiteRunnerWorker.java:95)org.testng.TestNG.runSuitesSequentially(TestNG.java:1256)org.testng.TestNG.runSuitesLocally(TestNG.java:1176)org.testng.TestNG.runSuites(TestNG.java:1099)org.testng.TestNG.run(TestNG.java:1067)com.intellij.rt.testng.IDEARemoteTestNG.run(IDEARemoteTestNG.java:66)com.intellij.rt.testng.RemoteTestNGStarter.main(RemoteTestNGStarter.java:109)
]]>
            </failure>
    </testcase>


            <testcase
                name="testGroup"
                time="0.001"
                classname="cc.robotdreams.my.GroupTest">
            </testcase>
</testsuite>
